This file contains any messages produced by compilers while
running configure, to aid debugging if configure makes a mistake.

It was created by libjpeg configure 9.5.0, which was
generated by GNU Autoconf 2.71.  Invocation command line was

  $ ./configure --disable-werror --no-create --no-recursion

## --------- ##
## Platform. ##
## --------- ##

hostname = HP-15-dw1000
uname -m = x86_64
uname -r = 4.4.0-19041-Microsoft
uname -s = Linux
uname -v = #3393-Microsoft Mon Aug 14 14:52:00 PST 2023

/usr/bin/uname -p = x86_64
/bin/uname -X     = unknown

/bin/arch              = x86_64
/usr/bin/arch -k       = unknown
/usr/convex/getsysinfo = unknown
/usr/bin/hostinfo      = unknown
/bin/machine           = unknown
/usr/bin/oslevel       = unknown
/bin/universe          = unknown

PATH: /home/majami/.vscode-server/bin/abd2f3db4bdb28f9e95536dfa84d8479f1eb312d/bin/remote-cli/
PATH: /usr/local/sbin/
PATH: /usr/local/bin/
PATH: /usr/sbin/
PATH: /usr/bin/
PATH: /sbin/
PATH: /bin/
PATH: /usr/games/
PATH: /usr/local/games/
PATH: /mnt/c/Python311/Scripts/
PATH: /mnt/c/Python311/
PATH: /mnt/c/WINDOWS/system32/
PATH: /mnt/c/WINDOWS/
PATH: /mnt/c/WINDOWS/System32/Wbem/
PATH: /mnt/c/WINDOWS/System32/WindowsPowerShell/v1.0/
PATH: /mnt/c/WINDOWS/System32/OpenSSH/
PATH: /mnt/c/Program Files (x86)/ChucK/bin/
PATH: /mnt/c/Program Files/Git/cmd/
PATH: /mnt/c/Program Files/gs/gs10.00.0/bin/
PATH: /mnt/c/Program Files/dotnet/
PATH: /mnt/c/Program Files/nodejs/
PATH: /mnt/c/ProgramData/chocolatey/bin/
PATH: /mnt/c/Users/Maja talenat/AppData/Local/Programs/Python/Python39/Scripts/
PATH: /mnt/c/Users/Maja talenat/AppData/Local/Programs/Python/Python39/
PATH: /mnt/c/Users/Maja talenat/AppData/Local/Programs/Python/Python310/Scripts/
PATH: /mnt/c/Users/Maja talenat/AppData/Local/Programs/Python/Python310/
PATH: /mnt/c/Users/Maja talenat/AppData/Local/Microsoft/WindowsApps/
PATH: /mnt/c/Users/Maja talenat/AppData/Local/Programs/Microsoft VS Code/bin/
PATH: /mnt/c/Users/Maja talenat/AppData/Roaming/npm/
PATH: /snap/bin/


## ----------- ##
## Core tests. ##
## ----------- ##

configure:2813: looking for aux files: ltmain.sh ar-lib compile missing install-sh config.guess config.sub
configure:2826:  trying ././
configure:2855:   ././ltmain.sh found
configure:2855:   ././ar-lib found
configure:2855:   ././compile found
configure:2855:   ././missing found
configure:2837:   ././install-sh found
configure:2855:   ././config.guess found
configure:2855:   ././config.sub found
configure:2985: checking build system type
configure:3000: result: x86_64-pc-linux-gnu
configure:3020: checking host system type
configure:3034: result: x86_64-pc-linux-gnu
configure:3054: checking target system type
configure:3068: result: x86_64-pc-linux-gnu
configure:3114: checking for a BSD-compatible install
configure:3187: result: /usr/bin/install -c
configure:3198: checking whether build environment is sane
configure:3253: result: yes
configure:3412: checking for a race-free mkdir -p
configure:3456: result: /usr/bin/mkdir -p
configure:3463: checking for gawk
configure:3484: found /usr/bin/gawk
configure:3495: result: gawk
configure:3506: checking whether make sets $(MAKE)
configure:3529: result: yes
configure:3559: checking whether make supports nested variables
configure:3577: result: yes
configure:3729: checking whether make supports nested variables
configure:3747: result: yes
configure:3763: checking whether to enable maintainer-specific portions of Makefiles
configure:3773: result: no
configure:3850: checking for gcc
configure:3871: found /usr/bin/gcc
configure:3882: result: gcc
configure:4235: checking for C compiler version
configure:4244: gcc --version >&5
gcc (Ubuntu 11.4.0-1ubuntu1~22.04) 11.4.0
Copyright (C) 2021 Free Software Foundation, Inc.
This is free software; see the source for copying conditions.  There is NO
warranty; not even for MERCHANTABILITY or FITNESS FOR A PARTICULAR PURPOSE.

configure:4255: $? = 0
configure:4244: gcc -v >&5
Using built-in specs.
COLLECT_GCC=gcc
COLLECT_LTO_WRAPPER=/usr/lib/gcc/x86_64-linux-gnu/11/lto-wrapper
OFFLOAD_TARGET_NAMES=nvptx-none:amdgcn-amdhsa
OFFLOAD_TARGET_DEFAULT=1
Target: x86_64-linux-gnu
Configured with: ../src/configure -v --with-pkgversion='Ubuntu 11.4.0-1ubuntu1~22.04' --with-bugurl=file:///usr/share/doc/gcc-11/README.Bugs --enable-languages=c,ada,c++,go,brig,d,fortran,objc,obj-c++,m2 --prefix=/usr --with-gcc-major-version-only --program-suffix=-11 --program-prefix=x86_64-linux-gnu- --enable-shared --enable-linker-build-id --libexecdir=/usr/lib --without-included-gettext --enable-threads=posix --libdir=/usr/lib --enable-nls --enable-bootstrap --enable-clocale=gnu --enable-libstdcxx-debug --enable-libstdcxx-time=yes --with-default-libstdcxx-abi=new --enable-gnu-unique-object --disable-vtable-verify --enable-plugin --enable-default-pie --with-system-zlib --enable-libphobos-checking=release --with-target-system-zlib=auto --enable-objc-gc=auto --enable-multiarch --disable-werror --enable-cet --with-arch-32=i686 --with-abi=m64 --with-multilib-list=m32,m64,mx32 --enable-multilib --with-tune=generic --enable-offload-targets=nvptx-none=/build/gcc-11-XeT9lY/gcc-11-11.4.0/debian/tmp-nvptx/usr,amdgcn-amdhsa=/build/gcc-11-XeT9lY/gcc-11-11.4.0/debian/tmp-gcn/usr --without-cuda-driver --enable-checking=release --build=x86_64-linux-gnu --host=x86_64-linux-gnu --target=x86_64-linux-gnu --with-build-config=bootstrap-lto-lean --enable-link-serialization=2
Thread model: posix
Supported LTO compression algorithms: zlib zstd
gcc version 11.4.0 (Ubuntu 11.4.0-1ubuntu1~22.04) 
... rest of stderr output deleted ...
configure:4255: $? = 0
configure:4244: gcc -V >&5
gcc: error: unrecognized command-line option '-V'
gcc: fatal error: no input files
compilation terminated.
configure:4255: $? = 1
configure:4244: gcc -qversion >&5
gcc: error: unrecognized command-line option '-qversion'; did you mean '--version'?
gcc: fatal error: no input files
compilation terminated.
configure:4255: $? = 1
configure:4244: gcc -version >&5
gcc: error: unrecognized command-line option '-version'
gcc: fatal error: no input files
compilation terminated.
configure:4255: $? = 1
configure:4275: checking whether the C compiler works
configure:4297: gcc    conftest.c  >&5
configure:4301: $? = 0
configure:4351: result: yes
configure:4354: checking for C compiler default output file name
configure:4356: result: a.out
configure:4362: checking for suffix of executables
configure:4369: gcc -o conftest    conftest.c  >&5
configure:4373: $? = 0
configure:4396: result: 
configure:4418: checking whether we are cross compiling
configure:4426: gcc -o conftest    conftest.c  >&5
configure:4430: $? = 0
configure:4437: ./conftest
configure:4441: $? = 0
configure:4456: result: no
configure:4461: checking for suffix of object files
configure:4484: gcc -c   conftest.c >&5
configure:4488: $? = 0
configure:4510: result: o
configure:4514: checking whether the compiler supports GNU C
configure:4534: gcc -c   conftest.c >&5
configure:4534: $? = 0
configure:4544: result: yes
configure:4555: checking whether gcc accepts -g
configure:4576: gcc -c -g  conftest.c >&5
configure:4576: $? = 0
configure:4620: result: yes
configure:4640: checking for gcc option to enable C11 features
configure:4655: gcc  -c -g -O2  conftest.c >&5
configure:4655: $? = 0
configure:4673: result: none needed
configure:4789: checking whether gcc understands -c and -o together
configure:4812: gcc -c conftest.c -o conftest2.o
configure:4815: $? = 0
configure:4812: gcc -c conftest.c -o conftest2.o
configure:4815: $? = 0
configure:4827: result: yes
configure:4847: checking whether make supports the include directive
configure:4862: make -f confmf.GNU && cat confinc.out
make[2]: Entering directory '/mnt/d/Maja/petnica/polaznik/rac 2-2/adapt-jpeg/adapt.jpeg'
make[2]: Leaving directory '/mnt/d/Maja/petnica/polaznik/rac 2-2/adapt-jpeg/adapt.jpeg'
this is the am__doit target
configure:4865: $? = 0
configure:4884: result: yes (GNU style)
configure:4910: checking dependency style of gcc
configure:5022: result: gcc3
configure:5106: checking for g++
configure:5127: found /usr/bin/g++
configure:5138: result: g++
configure:5165: checking for C++ compiler version
configure:5174: g++ --version >&5
g++ (Ubuntu 11.4.0-1ubuntu1~22.04) 11.4.0
Copyright (C) 2021 Free Software Foundation, Inc.
This is free software; see the source for copying conditions.  There is NO
warranty; not even for MERCHANTABILITY or FITNESS FOR A PARTICULAR PURPOSE.

configure:5185: $? = 0
configure:5174: g++ -v >&5
Using built-in specs.
COLLECT_GCC=g++
COLLECT_LTO_WRAPPER=/usr/lib/gcc/x86_64-linux-gnu/11/lto-wrapper
OFFLOAD_TARGET_NAMES=nvptx-none:amdgcn-amdhsa
OFFLOAD_TARGET_DEFAULT=1
Target: x86_64-linux-gnu
Configured with: ../src/configure -v --with-pkgversion='Ubuntu 11.4.0-1ubuntu1~22.04' --with-bugurl=file:///usr/share/doc/gcc-11/README.Bugs --enable-languages=c,ada,c++,go,brig,d,fortran,objc,obj-c++,m2 --prefix=/usr --with-gcc-major-version-only --program-suffix=-11 --program-prefix=x86_64-linux-gnu- --enable-shared --enable-linker-build-id --libexecdir=/usr/lib --without-included-gettext --enable-threads=posix --libdir=/usr/lib --enable-nls --enable-bootstrap --enable-clocale=gnu --enable-libstdcxx-debug --enable-libstdcxx-time=yes --with-default-libstdcxx-abi=new --enable-gnu-unique-object --disable-vtable-verify --enable-plugin --enable-default-pie --with-system-zlib --enable-libphobos-checking=release --with-target-system-zlib=auto --enable-objc-gc=auto --enable-multiarch --disable-werror --enable-cet --with-arch-32=i686 --with-abi=m64 --with-multilib-list=m32,m64,mx32 --enable-multilib --with-tune=generic --enable-offload-targets=nvptx-none=/build/gcc-11-XeT9lY/gcc-11-11.4.0/debian/tmp-nvptx/usr,amdgcn-amdhsa=/build/gcc-11-XeT9lY/gcc-11-11.4.0/debian/tmp-gcn/usr --without-cuda-driver --enable-checking=release --build=x86_64-linux-gnu --host=x86_64-linux-gnu --target=x86_64-linux-gnu --with-build-config=bootstrap-lto-lean --enable-link-serialization=2
Thread model: posix
Supported LTO compression algorithms: zlib zstd
gcc version 11.4.0 (Ubuntu 11.4.0-1ubuntu1~22.04) 
... rest of stderr output deleted ...
configure:5185: $? = 0
configure:5174: g++ -V >&5
g++: error: unrecognized command-line option '-V'
g++: fatal error: no input files
compilation terminated.
configure:5185: $? = 1
configure:5174: g++ -qversion >&5
g++: error: unrecognized command-line option '-qversion'; did you mean '--version'?
g++: fatal error: no input files
compilation terminated.
configure:5185: $? = 1
configure:5189: checking whether the compiler supports GNU C++
configure:5209: g++ -c   conftest.cpp >&5
configure:5209: $? = 0
configure:5219: result: yes
configure:5230: checking whether g++ accepts -g
configure:5251: g++ -c -g  conftest.cpp >&5
configure:5251: $? = 0
configure:5295: result: yes
configure:5315: checking for g++ option to enable C++11 features
configure:5330: g++  -c -g -O2  conftest.cpp >&5
conftest.cpp: In function 'int main(int, char**)':
conftest.cpp:177:25: warning: empty parentheses were disambiguated as a function declaration [-Wvexing-parse]
  177 |   cxx11test::delegate d2();
      |                         ^~
conftest.cpp:177:25: note: remove parentheses to default-initialize a variable
  177 |   cxx11test::delegate d2();
      |                         ^~
      |                         --
conftest.cpp:177:25: note: or replace parentheses with braces to value-initialize a variable
configure:5330: $? = 0
configure:5348: result: none needed
configure:5414: checking dependency style of g++
configure:5526: result: gcc3
configure:5546: checking how to run the C preprocessor
configure:5572: gcc -E  conftest.c
configure:5572: $? = 0
configure:5587: gcc -E  conftest.c
conftest.c:11:10: fatal error: ac_nonexistent.h: No such file or directory
   11 | #include <ac_nonexistent.h>
      |          ^~~~~~~~~~~~~~~~~~
compilation terminated.
configure:5587: $? = 1
configure: failed program was:
| /* confdefs.h */
| #define PACKAGE_NAME "libjpeg"
| #define PACKAGE_TARNAME "libjpeg"
| #define PACKAGE_VERSION "9.5.0"
| #define PACKAGE_STRING "libjpeg 9.5.0"
| #define PACKAGE_BUGREPORT ""
| #define PACKAGE_URL ""
| #define PACKAGE "libjpeg"
| #define VERSION "9.5.0"
| /* end confdefs.h.  */
| #include <ac_nonexistent.h>
configure:5614: result: gcc -E
configure:5628: gcc -E  conftest.c
configure:5628: $? = 0
configure:5643: gcc -E  conftest.c
conftest.c:11:10: fatal error: ac_nonexistent.h: No such file or directory
   11 | #include <ac_nonexistent.h>
      |          ^~~~~~~~~~~~~~~~~~
compilation terminated.
configure:5643: $? = 1
configure: failed program was:
| /* confdefs.h */
| #define PACKAGE_NAME "libjpeg"
| #define PACKAGE_TARNAME "libjpeg"
| #define PACKAGE_VERSION "9.5.0"
| #define PACKAGE_STRING "libjpeg 9.5.0"
| #define PACKAGE_BUGREPORT ""
| #define PACKAGE_URL ""
| #define PACKAGE "libjpeg"
| #define VERSION "9.5.0"
| /* end confdefs.h.  */
| #include <ac_nonexistent.h>
configure:5674: checking whether make sets $(MAKE)
configure:5697: result: yes
configure:5706: checking whether ln -s works
configure:5710: result: yes
configure:5717: checking for grep that handles long lines and -e
configure:5781: result: /usr/bin/grep
configure:5786: checking for egrep
configure:5854: result: /usr/bin/grep -E
configure:5915: checking for ar
configure:5936: found /usr/bin/ar
configure:5947: result: ar
configure:5973: checking the archiver (ar) interface
configure:5990: gcc -c -g -O2  conftest.c >&5
configure:5990: $? = 0
configure:5993: ar cru libconftest.a conftest.o >&5
ar: `u' modifier ignored since `D' is the default (see `U')
configure:5996: $? = 0
configure:6024: result: ar
configure:6054: checking if LD -Wl,--version-script works
configure:6078: gcc -o conftest -g -O2   -Wl,--version-script=conftest.map conftest.c  >&5
configure:6078: $? = 0
configure:6088: result: yes
configure:6101: checking for function prototypes
configure:6122: gcc -c -g -O2  conftest.c >&5
configure:6122: $? = 0
configure:6131: result: yes
configure:6155: checking for stdio.h
configure:6155: gcc -c -g -O2  conftest.c >&5
configure:6155: $? = 0
configure:6155: result: yes
configure:6155: checking for stdlib.h
configure:6155: gcc -c -g -O2  conftest.c >&5
configure:6155: $? = 0
configure:6155: result: yes
configure:6155: checking for string.h
configure:6155: gcc -c -g -O2  conftest.c >&5
configure:6155: $? = 0
configure:6155: result: yes
configure:6155: checking for inttypes.h
configure:6155: gcc -c -g -O2  conftest.c >&5
configure:6155: $? = 0
configure:6155: result: yes
configure:6155: checking for stdint.h
configure:6155: gcc -c -g -O2  conftest.c >&5
configure:6155: $? = 0
configure:6155: result: yes
configure:6155: checking for strings.h
configure:6155: gcc -c -g -O2  conftest.c >&5
configure:6155: $? = 0
configure:6155: result: yes
configure:6155: checking for sys/stat.h
configure:6155: gcc -c -g -O2  conftest.c >&5
configure:6155: $? = 0
configure:6155: result: yes
configure:6155: checking for sys/types.h
configure:6155: gcc -c -g -O2  conftest.c >&5
configure:6155: $? = 0
configure:6155: result: yes
configure:6155: checking for unistd.h
configure:6155: gcc -c -g -O2  conftest.c >&5
configure:6155: $? = 0
configure:6155: result: yes
configure:6180: checking for stddef.h
configure:6180: gcc -c -g -O2  conftest.c >&5
configure:6180: $? = 0
configure:6180: result: yes
configure:6186: checking for stdlib.h
configure:6186: result: yes
configure:6192: checking for locale.h
configure:6192: gcc -c -g -O2  conftest.c >&5
configure:6192: $? = 0
configure:6192: result: yes
configure:6199: checking for string.h
configure:6199: result: yes
configure:6212: checking for size_t
configure:6239: gcc -c -g -O2  conftest.c >&5
configure:6239: $? = 0
configure:6246: result: yes
configure:6284: checking for type unsigned char
configure:6297: gcc -c -g -O2  conftest.c >&5
configure:6297: $? = 0
configure:6299: result: yes
configure:6310: checking for type unsigned short
configure:6323: gcc -c -g -O2  conftest.c >&5
configure:6323: $? = 0
configure:6325: result: yes
configure:6336: checking for type void
configure:6370: gcc -c -g -O2  conftest.c >&5
configure:6370: $? = 0
configure:6372: result: yes
configure:6382: checking for an ANSI C-conforming const
configure:6449: gcc -c -g -O2  conftest.c >&5
configure:6449: $? = 0
configure:6457: result: yes
configure:6467: checking for inline
configure:6482: gcc -c -g -O2  conftest.c >&5
configure:6482: $? = 0
configure:6523: result: __inline__
configure:6530: checking for broken incomplete types
configure:6545: gcc -c -g -O2  conftest.c >&5
configure:6545: $? = 0
configure:6547: result: ok
configure:6559: checking for short external names
configure:6575: gcc -o conftest -g -O2   conftest.c  >&5
configure:6575: $? = 0
configure:6577: result: ok
configure:6590: checking to see if char is signed
configure:6628: gcc -o conftest -g -O2   conftest.c  >&5
configure:6628: $? = 0
configure:6628: ./conftest
configure:6628: $? = 1
configure: program exited with status 1
configure: failed program was:
| /* confdefs.h */
| #define PACKAGE_NAME "libjpeg"
| #define PACKAGE_TARNAME "libjpeg"
| #define PACKAGE_VERSION "9.5.0"
| #define PACKAGE_STRING "libjpeg 9.5.0"
| #define PACKAGE_BUGREPORT ""
| #define PACKAGE_URL ""
| #define PACKAGE "libjpeg"
| #define VERSION "9.5.0"
| #define HAVE_PROTOTYPES 1
| #define HAVE_STDIO_H 1
| #define HAVE_STDLIB_H 1
| #define HAVE_STRING_H 1
| #define HAVE_INTTYPES_H 1
| #define HAVE_STDINT_H 1
| #define HAVE_STRINGS_H 1
| #define HAVE_SYS_STAT_H 1
| #define HAVE_SYS_TYPES_H 1
| #define HAVE_UNISTD_H 1
| #define STDC_HEADERS 1
| #define HAVE_STDDEF_H 1
| #define HAVE_STDLIB_H 1
| #define HAVE_LOCALE_H 1
| #define HAVE_UNSIGNED_CHAR 1
| #define HAVE_UNSIGNED_SHORT 1
| #define INLINE __inline__
| /* end confdefs.h.  */
| 
| #ifdef HAVE_STDLIB_H
| #include <stdlib.h>
| #endif
| #include <stdio.h>
| #ifdef HAVE_PROTOTYPES
| int is_char_signed (int arg)
| #else
| int is_char_signed (arg)
|      int arg;
| #endif
| {
|   if (arg == 189) {		/* expected result for unsigned char */
|     return 0;			/* type char is unsigned */
|   }
|   else if (arg != -67) {	/* expected result for signed char */
|     printf("Hmm, it seems 'char' is not eight bits wide on your machine.\n");
|     printf("I fear the JPEG software will not work at all.\n\n");
|   }
|   return 1;			/* assume char is signed otherwise */
| }
| char signed_char_check = (char) (-67);
| int main() {
|   exit(is_char_signed((int) signed_char_check));
| }
configure:6636: result: yes
configure:6644: checking to see if right shift is signed
configure:6685: gcc -o conftest -g -O2   conftest.c  >&5
configure:6685: $? = 0
configure:6685: ./conftest
configure:6685: $? = 1
configure: program exited with status 1
configure: failed program was:
| /* confdefs.h */
| #define PACKAGE_NAME "libjpeg"
| #define PACKAGE_TARNAME "libjpeg"
| #define PACKAGE_VERSION "9.5.0"
| #define PACKAGE_STRING "libjpeg 9.5.0"
| #define PACKAGE_BUGREPORT ""
| #define PACKAGE_URL ""
| #define PACKAGE "libjpeg"
| #define VERSION "9.5.0"
| #define HAVE_PROTOTYPES 1
| #define HAVE_STDIO_H 1
| #define HAVE_STDLIB_H 1
| #define HAVE_STRING_H 1
| #define HAVE_INTTYPES_H 1
| #define HAVE_STDINT_H 1
| #define HAVE_STRINGS_H 1
| #define HAVE_SYS_STAT_H 1
| #define HAVE_SYS_TYPES_H 1
| #define HAVE_UNISTD_H 1
| #define STDC_HEADERS 1
| #define HAVE_STDDEF_H 1
| #define HAVE_STDLIB_H 1
| #define HAVE_LOCALE_H 1
| #define HAVE_UNSIGNED_CHAR 1
| #define HAVE_UNSIGNED_SHORT 1
| #define INLINE __inline__
| /* end confdefs.h.  */
| 
| #ifdef HAVE_STDLIB_H
| #include <stdlib.h>
| #endif
| #include <stdio.h>
| #ifdef HAVE_PROTOTYPES
| int is_shifting_signed (long arg)
| #else
| int is_shifting_signed (arg)
|     long arg;
| #endif
| /* See whether right-shift on a long is signed or not. */
| {
|   long res = arg >> 4;
| 
|   if (res == -0x7F7E80CL) {	/* expected result for signed shift */
|     return 1;			/* right shift is signed */
|   }
|   /* see if unsigned-shift hack will fix it. */
|   /* we can't just test exact value since it depends on width of long... */
|   res |= (~0L) << (32-4);
|   if (res == -0x7F7E80CL) {	/* expected result now? */
|     return 0;			/* right shift is unsigned */
|   }
|   printf("Right shift isn't acting as I expect it to.\n");
|   printf("I fear the JPEG software will not work at all.\n\n");
|   return 0;			/* try it with unsigned anyway */
| }
| int main() {
|   exit(is_shifting_signed(-0x7F7E80B1L));
| }
configure:6693: result: yes
configure:6701: checking to see if fopen accepts b spec
configure:6721: gcc -o conftest -g -O2   conftest.c  >&5
configure:6721: $? = 0
configure:6721: ./conftest
configure:6721: $? = 0
configure:6723: result: yes
configure:6740: WARNING: Libtool does not cope well with whitespace in `pwd`
configure:6785: checking how to print strings
configure:6812: result: printf
configure:6833: checking for a sed that does not truncate output
configure:6903: result: /usr/bin/sed
configure:6921: checking for fgrep
configure:6989: result: /usr/bin/grep -F
configure:7025: checking for ld used by gcc
configure:7093: result: /usr/bin/ld
configure:7100: checking if the linker (/usr/bin/ld) is GNU ld
configure:7116: result: yes
configure:7128: checking for BSD- or MS-compatible name lister (nm)
configure:7183: result: /usr/bin/nm -B
configure:7323: checking the name lister (/usr/bin/nm -B) interface
configure:7331: gcc -c -g -O2  conftest.c >&5
configure:7334: /usr/bin/nm -B "conftest.o"
configure:7337: output
0000000000000000 B some_variable
configure:7344: result: BSD nm
configure:7348: checking the maximum length of command line arguments
configure:7480: result: 1572864
configure:7528: checking how to convert x86_64-pc-linux-gnu file names to x86_64-pc-linux-gnu format
configure:7569: result: func_convert_file_noop
configure:7576: checking how to convert x86_64-pc-linux-gnu file names to toolchain format
configure:7597: result: func_convert_file_noop
configure:7604: checking for /usr/bin/ld option to reload object files
configure:7612: result: -r
configure:7691: checking for objdump
configure:7712: found /usr/bin/objdump
configure:7723: result: objdump
configure:7752: checking how to recognize dependent libraries
configure:7953: result: pass_all
configure:8043: checking for dlltool
configure:8078: result: no
configure:8105: checking how to associate runtime and link libraries
configure:8133: result: printf %s\n
configure:8267: checking for archiver @FILE support
configure:8285: gcc -c -g -O2  conftest.c >&5
configure:8285: $? = 0
configure:8289: ar cr libconftest.a @conftest.lst >&5
configure:8292: $? = 0
configure:8297: ar cr libconftest.a @conftest.lst >&5
ar: conftest.o: No such file or directory
configure:8300: $? = 1
configure:8312: result: @
configure:8375: checking for strip
configure:8396: found /usr/bin/strip
configure:8407: result: strip
configure:8484: checking for ranlib
configure:8505: found /usr/bin/ranlib
configure:8516: result: ranlib
configure:8618: checking command to parse /usr/bin/nm -B output from gcc object
configure:8772: gcc -c -g -O2  conftest.c >&5
configure:8775: $? = 0
configure:8779: /usr/bin/nm -B conftest.o | sed -n -e 's/^.*[	 ]\([ABCDGIRSTW][ABCDGIRSTW]*\)[	 ][	 ]*\([_A-Za-z][_A-Za-z0-9]*\)$/\1 \2 \2/p' | sed '/ __gnu_lto/d' > conftest.nm
configure:8845: gcc -o conftest -g -O2   conftest.c conftstm.o >&5
configure:8848: $? = 0
configure:8886: result: ok
configure:8933: checking for sysroot
configure:8964: result: no
configure:8971: checking for a working dd
configure:9015: result: /usr/bin/dd
configure:9019: checking how to truncate binary pipes
configure:9035: result: /usr/bin/dd bs=4096 count=1
configure:9172: gcc -c -g -O2  conftest.c >&5
configure:9175: $? = 0
configure:9372: checking for mt
configure:9393: found /usr/bin/mt
configure:9404: result: mt
configure:9427: checking if mt is a manifest tool
configure:9434: mt '-?'
configure:9442: result: no
configure:10168: checking for dlfcn.h
configure:10168: gcc -c -g -O2  conftest.c >&5
configure:10168: $? = 0
configure:10168: result: yes
configure:10766: checking for objdir
configure:10782: result: .libs
configure:11042: checking if gcc supports -fno-rtti -fno-exceptions
configure:11061: gcc -c -g -O2  -fno-rtti -fno-exceptions conftest.c >&5
cc1: warning: command-line option '-fno-rtti' is valid for C++/D/ObjC++ but not for C
configure:11065: $? = 0
configure:11078: result: no
configure:11442: checking for gcc option to produce PIC
configure:11450: result: -fPIC -DPIC
configure:11458: checking if gcc PIC flag -fPIC -DPIC works
configure:11477: gcc -c -g -O2  -fPIC -DPIC -DPIC conftest.c >&5
configure:11481: $? = 0
configure:11494: result: yes
configure:11523: checking if gcc static flag -static works
configure:11552: result: yes
configure:11567: checking if gcc supports -c -o file.o
configure:11589: gcc -c -g -O2  -o out/conftest2.o conftest.c >&5
configure:11593: $? = 0
configure:11615: result: yes
configure:11623: checking if gcc supports -c -o file.o
configure:11671: result: yes
configure:11704: checking whether the gcc linker (/usr/bin/ld -m elf_x86_64) supports shared libraries
configure:12974: result: yes
configure:13011: checking whether -lc should be explicitly linked in
configure:13020: gcc -c -g -O2  conftest.c >&5
configure:13023: $? = 0
configure:13038: gcc -shared  -fPIC -DPIC conftest.o  -v -Wl,-soname -Wl,conftest -o conftest 2\>\&1 \| /usr/bin/grep  -lc  \>/dev/null 2\>\&1
configure:13041: $? = 0
configure:13055: result: no
configure:13215: checking dynamic linker characteristics
configure:13797: gcc -o conftest -g -O2   -Wl,-rpath -Wl,/foo conftest.c  >&5
configure:13797: $? = 0
configure:14048: result: GNU/Linux ld.so
configure:14170: checking how to hardcode library paths into programs
configure:14195: result: immediate
configure:14747: checking whether stripping libraries is possible
configure:14752: result: yes
configure:14787: checking if libtool supports shared libraries
configure:14789: result: yes
configure:14792: checking whether to build shared libraries
configure:14817: result: yes
configure:14820: checking whether to build static libraries
configure:14824: result: yes
configure:14847: checking how to run the C++ preprocessor
configure:14869: g++ -E  conftest.cpp
configure:14869: $? = 0
configure:14884: g++ -E  conftest.cpp
conftest.cpp:30:10: fatal error: ac_nonexistent.h: No such file or directory
   30 | #include <ac_nonexistent.h>
      |          ^~~~~~~~~~~~~~~~~~
compilation terminated.
configure:14884: $? = 1
configure: failed program was:
| /* confdefs.h */
| #define PACKAGE_NAME "libjpeg"
| #define PACKAGE_TARNAME "libjpeg"
| #define PACKAGE_VERSION "9.5.0"
| #define PACKAGE_STRING "libjpeg 9.5.0"
| #define PACKAGE_BUGREPORT ""
| #define PACKAGE_URL ""
| #define PACKAGE "libjpeg"
| #define VERSION "9.5.0"
| #define HAVE_PROTOTYPES 1
| #define HAVE_STDIO_H 1
| #define HAVE_STDLIB_H 1
| #define HAVE_STRING_H 1
| #define HAVE_INTTYPES_H 1
| #define HAVE_STDINT_H 1
| #define HAVE_STRINGS_H 1
| #define HAVE_SYS_STAT_H 1
| #define HAVE_SYS_TYPES_H 1
| #define HAVE_UNISTD_H 1
| #define STDC_HEADERS 1
| #define HAVE_STDDEF_H 1
| #define HAVE_STDLIB_H 1
| #define HAVE_LOCALE_H 1
| #define HAVE_UNSIGNED_CHAR 1
| #define HAVE_UNSIGNED_SHORT 1
| #define INLINE __inline__
| #define HAVE_DLFCN_H 1
| #define LT_OBJDIR ".libs/"
| /* end confdefs.h.  */
| #include <ac_nonexistent.h>
configure:14911: result: g++ -E
configure:14925: g++ -E  conftest.cpp
configure:14925: $? = 0
configure:14940: g++ -E  conftest.cpp
conftest.cpp:30:10: fatal error: ac_nonexistent.h: No such file or directory
   30 | #include <ac_nonexistent.h>
      |          ^~~~~~~~~~~~~~~~~~
compilation terminated.
configure:14940: $? = 1
configure: failed program was:
| /* confdefs.h */
| #define PACKAGE_NAME "libjpeg"
| #define PACKAGE_TARNAME "libjpeg"
| #define PACKAGE_VERSION "9.5.0"
| #define PACKAGE_STRING "libjpeg 9.5.0"
| #define PACKAGE_BUGREPORT ""
| #define PACKAGE_URL ""
| #define PACKAGE "libjpeg"
| #define VERSION "9.5.0"
| #define HAVE_PROTOTYPES 1
| #define HAVE_STDIO_H 1
| #define HAVE_STDLIB_H 1
| #define HAVE_STRING_H 1
| #define HAVE_INTTYPES_H 1
| #define HAVE_STDINT_H 1
| #define HAVE_STRINGS_H 1
| #define HAVE_SYS_STAT_H 1
| #define HAVE_SYS_TYPES_H 1
| #define HAVE_UNISTD_H 1
| #define STDC_HEADERS 1
| #define HAVE_STDDEF_H 1
| #define HAVE_STDLIB_H 1
| #define HAVE_LOCALE_H 1
| #define HAVE_UNSIGNED_CHAR 1
| #define HAVE_UNSIGNED_SHORT 1
| #define INLINE __inline__
| #define HAVE_DLFCN_H 1
| #define LT_OBJDIR ".libs/"
| /* end confdefs.h.  */
| #include <ac_nonexistent.h>
configure:15105: checking for ld used by g++
configure:15173: result: /usr/bin/ld -m elf_x86_64
configure:15180: checking if the linker (/usr/bin/ld -m elf_x86_64) is GNU ld
configure:15196: result: yes
configure:15251: checking whether the g++ linker (/usr/bin/ld -m elf_x86_64) supports shared libraries
configure:16328: result: yes
configure:16364: g++ -c -g -O2  conftest.cpp >&5
configure:16367: $? = 0
configure:16848: checking for g++ option to produce PIC
configure:16856: result: -fPIC -DPIC
configure:16864: checking if g++ PIC flag -fPIC -DPIC works
configure:16883: g++ -c -g -O2  -fPIC -DPIC -DPIC conftest.cpp >&5
configure:16887: $? = 0
configure:16900: result: yes
configure:16923: checking if g++ static flag -static works
configure:16952: result: yes
configure:16964: checking if g++ supports -c -o file.o
configure:16986: g++ -c -g -O2  -o out/conftest2.o conftest.cpp >&5
configure:16990: $? = 0
configure:17012: result: yes
configure:17017: checking if g++ supports -c -o file.o
configure:17065: result: yes
configure:17095: checking whether the g++ linker (/usr/bin/ld -m elf_x86_64) supports shared libraries
configure:17138: result: yes
configure:17280: checking dynamic linker characteristics
configure:18040: result: GNU/Linux ld.so
configure:18105: checking how to hardcode library paths into programs
configure:18130: result: immediate
configure:18274: checking libjpeg version number
configure:18284: result: 9.5.0
configure:18390: checking that generated files are newer than configure
configure:18396: result: done
configure:18431: creating ./config.status
configure:20839: WARNING: unrecognized options: --disable-werror

## ---------------- ##
## Cache variables. ##
## ---------------- ##

ac_cv_build=x86_64-pc-linux-gnu
ac_cv_c_compiler_gnu=yes
ac_cv_c_const=yes
ac_cv_cxx_compiler_gnu=yes
ac_cv_env_CCC_set=
ac_cv_env_CCC_value=
ac_cv_env_CC_set=
ac_cv_env_CC_value=
ac_cv_env_CFLAGS_set=
ac_cv_env_CFLAGS_value=
ac_cv_env_CPPFLAGS_set=
ac_cv_env_CPPFLAGS_value=
ac_cv_env_CPP_set=
ac_cv_env_CPP_value=
ac_cv_env_CXXCPP_set=
ac_cv_env_CXXCPP_value=
ac_cv_env_CXXFLAGS_set=
ac_cv_env_CXXFLAGS_value=
ac_cv_env_CXX_set=
ac_cv_env_CXX_value=
ac_cv_env_LDFLAGS_set=
ac_cv_env_LDFLAGS_value=
ac_cv_env_LIBS_set=
ac_cv_env_LIBS_value=
ac_cv_env_LT_SYS_LIBRARY_PATH_set=
ac_cv_env_LT_SYS_LIBRARY_PATH_value=
ac_cv_env_build_alias_set=
ac_cv_env_build_alias_value=
ac_cv_env_host_alias_set=
ac_cv_env_host_alias_value=
ac_cv_env_target_alias_set=
ac_cv_env_target_alias_value=
ac_cv_header_dlfcn_h=yes
ac_cv_header_inttypes_h=yes
ac_cv_header_locale_h=yes
ac_cv_header_stddef_h=yes
ac_cv_header_stdint_h=yes
ac_cv_header_stdio_h=yes
ac_cv_header_stdlib_h=yes
ac_cv_header_string_h=yes
ac_cv_header_strings_h=yes
ac_cv_header_sys_stat_h=yes
ac_cv_header_sys_types_h=yes
ac_cv_header_unistd_h=yes
ac_cv_host=x86_64-pc-linux-gnu
ac_cv_objext=o
ac_cv_path_EGREP='/usr/bin/grep -E'
ac_cv_path_FGREP='/usr/bin/grep -F'
ac_cv_path_GREP=/usr/bin/grep
ac_cv_path_SED=/usr/bin/sed
ac_cv_path_install='/usr/bin/install -c'
ac_cv_path_lt_DD=/usr/bin/dd
ac_cv_path_mkdir=/usr/bin/mkdir
ac_cv_prog_AWK=gawk
ac_cv_prog_CPP='gcc -E'
ac_cv_prog_CXXCPP='g++ -E'
ac_cv_prog_ac_ct_AR=ar
ac_cv_prog_ac_ct_CC=gcc
ac_cv_prog_ac_ct_CXX=g++
ac_cv_prog_ac_ct_MANIFEST_TOOL=mt
ac_cv_prog_ac_ct_OBJDUMP=objdump
ac_cv_prog_ac_ct_RANLIB=ranlib
ac_cv_prog_ac_ct_STRIP=strip
ac_cv_prog_cc_c11=
ac_cv_prog_cc_g=yes
ac_cv_prog_cc_stdc=
ac_cv_prog_cxx_11=no
ac_cv_prog_cxx_cxx11=
ac_cv_prog_cxx_g=yes
ac_cv_prog_cxx_stdcxx=
ac_cv_prog_make_make_set=yes
ac_cv_target=x86_64-pc-linux-gnu
am_cv_CC_dependencies_compiler_type=gcc3
am_cv_CXX_dependencies_compiler_type=gcc3
am_cv_ar_interface=ar
am_cv_make_support_nested_variables=yes
am_cv_prog_cc_c_o=yes
ijg_cv_have_prototypes=yes
ijg_cv_inline=__inline__
lt_cv_ar_at_file=@
lt_cv_archive_cmds_need_lc=no
lt_cv_deplibs_check_method=pass_all
lt_cv_file_magic_cmd='$MAGIC_CMD'
lt_cv_file_magic_test_file=
lt_cv_ld_reload_flag=-r
lt_cv_nm_interface='BSD nm'
lt_cv_objdir=.libs
lt_cv_path_LD=/usr/bin/ld
lt_cv_path_LDCXX='/usr/bin/ld -m elf_x86_64'
lt_cv_path_NM='/usr/bin/nm -B'
lt_cv_path_mainfest_tool=no
lt_cv_prog_compiler_c_o=yes
lt_cv_prog_compiler_c_o_CXX=yes
lt_cv_prog_compiler_pic='-fPIC -DPIC'
lt_cv_prog_compiler_pic_CXX='-fPIC -DPIC'
lt_cv_prog_compiler_pic_works=yes
lt_cv_prog_compiler_pic_works_CXX=yes
lt_cv_prog_compiler_rtti_exceptions=no
lt_cv_prog_compiler_static_works=yes
lt_cv_prog_compiler_static_works_CXX=yes
lt_cv_prog_gnu_ld=yes
lt_cv_prog_gnu_ldcxx=yes
lt_cv_sharedlib_from_linklib_cmd='printf %s\n'
lt_cv_shlibpath_overrides_runpath=yes
lt_cv_sys_global_symbol_pipe='sed -n -e '\''s/^.*[	 ]\([ABCDGIRSTW][ABCDGIRSTW]*\)[	 ][	 ]*\([_A-Za-z][_A-Za-z0-9]*\)$/\1 \2 \2/p'\'' | sed '\''/ __gnu_lto/d'\'''
lt_cv_sys_global_symbol_to_c_name_address='sed -n -e '\''s/^: \(.*\) .*$/  {"\1", (void *) 0},/p'\'' -e '\''s/^[ABCDGIRSTW][ABCDGIRSTW]* .* \(.*\)$/  {"\1", (void *) \&\1},/p'\'''
lt_cv_sys_global_symbol_to_c_name_address_lib_prefix='sed -n -e '\''s/^: \(.*\) .*$/  {"\1", (void *) 0},/p'\'' -e '\''s/^[ABCDGIRSTW][ABCDGIRSTW]* .* \(lib.*\)$/  {"\1", (void *) \&\1},/p'\'' -e '\''s/^[ABCDGIRSTW][ABCDGIRSTW]* .* \(.*\)$/  {"lib\1", (void *) \&\1},/p'\'''
lt_cv_sys_global_symbol_to_cdecl='sed -n -e '\''s/^T .* \(.*\)$/extern int \1();/p'\'' -e '\''s/^[ABCDGIRSTW][ABCDGIRSTW]* .* \(.*\)$/extern char \1;/p'\'''
lt_cv_sys_global_symbol_to_import=
lt_cv_sys_max_cmd_len=1572864
lt_cv_to_host_file_cmd=func_convert_file_noop
lt_cv_to_tool_file_cmd=func_convert_file_noop
lt_cv_truncate_bin='/usr/bin/dd bs=4096 count=1'

## ----------------- ##
## Output variables. ##
## ----------------- ##

ACLOCAL='${SHELL} '\''/mnt/d/Maja/petnica/polaznik/rac 2-2/adapt-jpeg/adapt.jpeg/missing'\'' aclocal-1.16'
AMDEPBACKSLASH='\'
AMDEP_FALSE='#'
AMDEP_TRUE=''
AMTAR='$${TAR-tar}'
AM_BACKSLASH='\'
AM_DEFAULT_V='$(AM_DEFAULT_VERBOSITY)'
AM_DEFAULT_VERBOSITY='0'
AM_V='$(V)'
AR='ar'
AS='as'
AUTOCONF='${SHELL} '\''/mnt/d/Maja/petnica/polaznik/rac 2-2/adapt-jpeg/adapt.jpeg/missing'\'' autoconf'
AUTOHEADER='echo autoheader ignored'
AUTOMAKE='${SHELL} '\''/mnt/d/Maja/petnica/polaznik/rac 2-2/adapt-jpeg/adapt.jpeg/missing'\'' automake-1.16'
AWK='gawk'
CC='gcc'
CCDEPMODE='depmode=gcc3'
CFLAGS='-g -O2'
CPP='gcc -E'
CPPFLAGS=''
CSCOPE='cscope'
CTAGS='ctags'
CXX='g++'
CXXCPP='g++ -E'
CXXDEPMODE='depmode=gcc3'
CXXFLAGS='-g -O2'
CYGPATH_W='echo'
DEFS='-DHAVE_CONFIG_H'
DEPDIR='.deps'
DLLTOOL='false'
DSYMUTIL=''
DUMPBIN=''
ECHO_C=''
ECHO_N='-n'
ECHO_T=''
EGREP='/usr/bin/grep -E'
ETAGS='etags'
EXEEXT=''
FGREP='/usr/bin/grep -F'
GREP='/usr/bin/grep'
HAVE_LD_VERSION_SCRIPT_FALSE='#'
HAVE_LD_VERSION_SCRIPT_TRUE=''
INSTALL_DATA='${INSTALL} -m 644'
INSTALL_PROGRAM='${INSTALL}'
INSTALL_SCRIPT='${INSTALL}'
INSTALL_STRIP_PROGRAM='$(install_sh) -c -s'
JPEG_LIB_VERSION='14:0:5'
JPEG_LIB_VERSION_MAJOR='9'
JPEG_LIB_VERSION_MINOR='5'
LD='/usr/bin/ld -m elf_x86_64'
LDFLAGS=''
LIBOBJS=''
LIBS=''
LIBTOOL='$(SHELL) $(top_builddir)/libtool'
LIPO=''
LN_S='ln -s'
LTLIBOBJS=''
LT_SYS_LIBRARY_PATH=''
MAINT='#'
MAINTAINER_MODE_FALSE=''
MAINTAINER_MODE_TRUE='#'
MAKEINFO='${SHELL} '\''/mnt/d/Maja/petnica/polaznik/rac 2-2/adapt-jpeg/adapt.jpeg/missing'\'' makeinfo'
MANIFEST_TOOL=':'
MEMORYMGR='jmemnobs'
MKDIR_P='/usr/bin/mkdir -p'
NM='/usr/bin/nm -B'
NMEDIT=''
OBJDUMP='objdump'
OBJEXT='o'
OTOOL64=''
OTOOL=''
PACKAGE='libjpeg'
PACKAGE_BUGREPORT=''
PACKAGE_NAME='libjpeg'
PACKAGE_STRING='libjpeg 9.5.0'
PACKAGE_TARNAME='libjpeg'
PACKAGE_URL=''
PACKAGE_VERSION='9.5.0'
PATH_SEPARATOR=':'
RANLIB='ranlib'
SED='/usr/bin/sed'
SET_MAKE=''
SHELL='/bin/bash'
STRIP='strip'
VERSION='9.5.0'
ac_ct_AR='ar'
ac_ct_CC='gcc'
ac_ct_CXX='g++'
ac_ct_DUMPBIN=''
am__EXEEXT_FALSE=''
am__EXEEXT_TRUE='#'
am__fastdepCC_FALSE='#'
am__fastdepCC_TRUE=''
am__fastdepCXX_FALSE='#'
am__fastdepCXX_TRUE=''
am__include='include'
am__isrc=''
am__leading_dot='.'
am__nodep='_no'
am__quote=''
am__tar='$${TAR-tar} chof - "$$tardir"'
am__untar='$${TAR-tar} xf -'
bindir='${exec_prefix}/bin'
build='x86_64-pc-linux-gnu'
build_alias=''
build_cpu='x86_64'
build_os='linux-gnu'
build_vendor='pc'
datadir='${datarootdir}'
datarootdir='${prefix}/share'
docdir='${datarootdir}/doc/${PACKAGE_TARNAME}'
dvidir='${docdir}'
exec_prefix='${prefix}'
host='x86_64-pc-linux-gnu'
host_alias=''
host_cpu='x86_64'
host_os='linux-gnu'
host_vendor='pc'
htmldir='${docdir}'
includedir='${prefix}/include'
infodir='${datarootdir}/info'
install_sh='${SHELL} '\''/mnt/d/Maja/petnica/polaznik/rac 2-2/adapt-jpeg/adapt.jpeg/install-sh'\'''
libdir='${exec_prefix}/lib'
libexecdir='${exec_prefix}/libexec'
localedir='${datarootdir}/locale'
localstatedir='${prefix}/var'
mandir='${datarootdir}/man'
mkdir_p='$(MKDIR_P)'
oldincludedir='/usr/include'
pdfdir='${docdir}'
prefix='/usr/local'
program_transform_name='s,x,x,'
psdir='${docdir}'
runstatedir='${localstatedir}/run'
sbindir='${exec_prefix}/sbin'
sharedstatedir='${prefix}/com'
sysconfdir='${prefix}/etc'
target='x86_64-pc-linux-gnu'
target_alias=''
target_cpu='x86_64'
target_os='linux-gnu'
target_vendor='pc'

## ----------- ##
## confdefs.h. ##
## ----------- ##

/* confdefs.h */
#define PACKAGE_NAME "libjpeg"
#define PACKAGE_TARNAME "libjpeg"
#define PACKAGE_VERSION "9.5.0"
#define PACKAGE_STRING "libjpeg 9.5.0"
#define PACKAGE_BUGREPORT ""
#define PACKAGE_URL ""
#define PACKAGE "libjpeg"
#define VERSION "9.5.0"
#define HAVE_PROTOTYPES 1
#define HAVE_STDIO_H 1
#define HAVE_STDLIB_H 1
#define HAVE_STRING_H 1
#define HAVE_INTTYPES_H 1
#define HAVE_STDINT_H 1
#define HAVE_STRINGS_H 1
#define HAVE_SYS_STAT_H 1
#define HAVE_SYS_TYPES_H 1
#define HAVE_UNISTD_H 1
#define STDC_HEADERS 1
#define HAVE_STDDEF_H 1
#define HAVE_STDLIB_H 1
#define HAVE_LOCALE_H 1
#define HAVE_UNSIGNED_CHAR 1
#define HAVE_UNSIGNED_SHORT 1
#define INLINE __inline__
#define HAVE_DLFCN_H 1
#define LT_OBJDIR ".libs/"

configure: exit 0

## ---------------------- ##
## Running config.status. ##
## ---------------------- ##

This file was extended by libjpeg config.status 9.5.0, which was
generated by GNU Autoconf 2.71.  Invocation command line was

  CONFIG_FILES    = 
  CONFIG_HEADERS  = 
  CONFIG_LINKS    = 
  CONFIG_COMMANDS = 
  $ ./config.status 

on HP-15-dw1000

config.status:1166: creating Makefile
config.status:1166: creating libjpeg.pc
config.status:1166: creating jconfig.h
config.status:1347: jconfig.h is unchanged
config.status:1395: executing depfiles commands
config.status:1472: cd .       && sed -e '/# am--include-marker/d' Makefile         | make -f - am--depfiles
make[2]: Entering directory '/mnt/d/Maja/petnica/polaznik/rac 2-2/adapt-jpeg/adapt.jpeg'
make[2]: Leaving directory '/mnt/d/Maja/petnica/polaznik/rac 2-2/adapt-jpeg/adapt.jpeg'
config.status:1477: $? = 0
config.status:1395: executing libtool commands
